<?xml version="1.0" encoding="UTF-8"?>
<!-- Generated by org.testng.reporters.JUnitReportReporter -->
<testsuite hostname="LAPTOP-0V80V27A" failures="0" tests="1" name="testcases.TC001" time="6.546" errors="0" timestamp="2023-08-01T17:10:57 IST" skipped="0">
  <testcase classname="testcases.TC001" name="verifyWithValidUserCredentials" time="6.546"/>
</testsuite> <!-- testcases.TC001 -->
