<?xml version="1.0" encoding="UTF-8"?>
<!-- Generated by org.testng.reporters.JUnitReportReporter -->
<testsuite hostname="LAPTOP-0V80V27A" failures="0" tests="1" name="runner.RunTest" time="6.912" errors="0" timestamp="2023-08-01T18:58:08 IST" skipped="0">
  <testcase classname="runner.RunTest" name="runScenario" time="6.912"/>
</testsuite> <!-- runner.RunTest -->
